<?xml version="1.0" encoding="UTF-8"?>
<!-- Generated by org.testng.reporters.JUnitReportReporter -->
<testsuite hostname="DESKTOP-2PVD0OH" failures="0" tests="1" name="CucumberProject.AutomationCucumber.AppTest" time="0.003" errors="0" timestamp="2022-08-04T21:31:02 IST" skipped="0">
  <testcase classname="CucumberProject.AutomationCucumber.AppTest" name="shouldAnswerWithTrue" time="0.003"/>
  <system-out/>
</testsuite> <!-- CucumberProject.AutomationCucumber.AppTest -->
